running develop
/usr/lib/python3/dist-packages/setuptools/command/easy_install.py:158: EasyInstallDeprecationWarning: easy_install command is deprecated. Use build and pip and other standards-based tools.
  warnings.warn(
/usr/lib/python3/dist-packages/setuptools/command/install.py:34: SetuptoolsDeprecationWarning: setup.py install is deprecated. Use build and pip and other standards-based tools.
  warnings.warn(
Removing /home/jood/quadcopter_ws/install/copter_package/lib/python3.10/site-packages/copter-package.egg-link (link to .)
running egg_info
writing ../../build/copter_package/copter_package.egg-info/PKG-INFO
writing dependency_links to ../../build/copter_package/copter_package.egg-info/dependency_links.txt
writing entry points to ../../build/copter_package/copter_package.egg-info/entry_points.txt
writing requirements to ../../build/copter_package/copter_package.egg-info/requires.txt
writing top-level names to ../../build/copter_package/copter_package.egg-info/top_level.txt
reading manifest file '../../build/copter_package/copter_package.egg-info/SOURCES.txt'
writing manifest file '../../build/copter_package/copter_package.egg-info/SOURCES.txt'
running build
running install
/usr/lib/python3/dist-packages/setuptools/command/install.py:34: SetuptoolsDeprecationWarning: setup.py install is deprecated. Use build and pip and other standards-based tools.
  warnings.warn(
running install_data
running install_egg_info
Copying ../../build/copter_package/copter_package.egg-info to /home/jood/quadcopter_ws/install/copter_package/lib/python3.10/site-packages/copter_package-0.0.0-py3.10.egg-info
running install_scripts
Installing copter_node script to /home/jood/quadcopter_ws/install/copter_package/lib/copter_package
writing list of installed files to '/home/jood/quadcopter_ws/build/copter_package/install.log'
