[0.975s] Invoking command in '/home/jood/quadcopter_ws/build/copter_package': PYTHONPATH=/home/jood/quadcopter_ws/build/copter_package/prefix_override:/home/jood/quadcopter_ws/install/copter_package/lib/python3.10/site-packages:${PYTHONPATH} /usr/bin/python3 setup.py develop --uninstall --editable --build-directory /home/jood/quadcopter_ws/build/copter_package/build
[1.257s] running develop
[1.257s] /usr/lib/python3/dist-packages/setuptools/command/easy_install.py:158: EasyInstallDeprecationWarning: easy_install command is deprecated. Use build and pip and other standards-based tools.
[1.257s]   warnings.warn(
[1.259s] /usr/lib/python3/dist-packages/setuptools/command/install.py:34: SetuptoolsDeprecationWarning: setup.py install is deprecated. Use build and pip and other standards-based tools.
[1.259s]   warnings.warn(
[1.463s] Removing /home/jood/quadcopter_ws/install/copter_package/lib/python3.10/site-packages/copter-package.egg-link (link to .)
[1.497s] Invoked command in '/home/jood/quadcopter_ws/build/copter_package' returned '0': PYTHONPATH=/home/jood/quadcopter_ws/build/copter_package/prefix_override:/home/jood/quadcopter_ws/install/copter_package/lib/python3.10/site-packages:${PYTHONPATH} /usr/bin/python3 setup.py develop --uninstall --editable --build-directory /home/jood/quadcopter_ws/build/copter_package/build
[1.500s] Invoking command in '/home/jood/quadcopter_ws/src/copter_package': PYTHONPATH=/home/jood/quadcopter_ws/build/copter_package/prefix_override:/home/jood/quadcopter_ws/install/copter_package/lib/python3.10/site-packages:${PYTHONPATH} /usr/bin/python3 setup.py egg_info --egg-base ../../build/copter_package build --build-base /home/jood/quadcopter_ws/build/copter_package/build install --record /home/jood/quadcopter_ws/build/copter_package/install.log --single-version-externally-managed
[1.785s] running egg_info
[1.786s] writing ../../build/copter_package/copter_package.egg-info/PKG-INFO
[1.786s] writing dependency_links to ../../build/copter_package/copter_package.egg-info/dependency_links.txt
[1.787s] writing entry points to ../../build/copter_package/copter_package.egg-info/entry_points.txt
[1.787s] writing requirements to ../../build/copter_package/copter_package.egg-info/requires.txt
[1.787s] writing top-level names to ../../build/copter_package/copter_package.egg-info/top_level.txt
[1.788s] reading manifest file '../../build/copter_package/copter_package.egg-info/SOURCES.txt'
[1.789s] writing manifest file '../../build/copter_package/copter_package.egg-info/SOURCES.txt'
[1.790s] running build
[1.790s] running install
[1.790s] /usr/lib/python3/dist-packages/setuptools/command/install.py:34: SetuptoolsDeprecationWarning: setup.py install is deprecated. Use build and pip and other standards-based tools.
[1.790s]   warnings.warn(
[1.790s] running install_data
[1.791s] running install_egg_info
[1.794s] Copying ../../build/copter_package/copter_package.egg-info to /home/jood/quadcopter_ws/install/copter_package/lib/python3.10/site-packages/copter_package-0.0.0-py3.10.egg-info
[1.796s] running install_scripts
[1.818s] Installing copter_node script to /home/jood/quadcopter_ws/install/copter_package/lib/copter_package
[1.818s] writing list of installed files to '/home/jood/quadcopter_ws/build/copter_package/install.log'
[1.852s] Invoked command in '/home/jood/quadcopter_ws/src/copter_package' returned '0': PYTHONPATH=/home/jood/quadcopter_ws/build/copter_package/prefix_override:/home/jood/quadcopter_ws/install/copter_package/lib/python3.10/site-packages:${PYTHONPATH} /usr/bin/python3 setup.py egg_info --egg-base ../../build/copter_package build --build-base /home/jood/quadcopter_ws/build/copter_package/build install --record /home/jood/quadcopter_ws/build/copter_package/install.log --single-version-externally-managed
