[1.227s] Invoking command in '/home/jood/quadcopter_ws/build/copter_package': PYTHONPATH=/home/jood/quadcopter_ws/build/copter_package/prefix_override:/home/jood/quadcopter_ws/install/copter_package/lib/python3.10/site-packages:${PYTHONPATH} /usr/bin/python3 setup.py develop --editable --build-directory /home/jood/quadcopter_ws/build/copter_package/build --no-deps install_data
[1.528s] running develop
[1.528s] /usr/lib/python3/dist-packages/setuptools/command/easy_install.py:158: EasyInstallDeprecationWarning: easy_install command is deprecated. Use build and pip and other standards-based tools.
[1.528s]   warnings.warn(
[1.529s] /usr/lib/python3/dist-packages/setuptools/command/install.py:34: SetuptoolsDeprecationWarning: setup.py install is deprecated. Use build and pip and other standards-based tools.
[1.529s]   warnings.warn(
[1.811s] running egg_info
[1.811s] creating copter_package.egg-info
[1.811s] writing copter_package.egg-info/PKG-INFO
[1.812s] writing dependency_links to copter_package.egg-info/dependency_links.txt
[1.812s] writing entry points to copter_package.egg-info/entry_points.txt
[1.812s] writing requirements to copter_package.egg-info/requires.txt
[1.813s] writing top-level names to copter_package.egg-info/top_level.txt
[1.813s] writing manifest file 'copter_package.egg-info/SOURCES.txt'
[1.814s] reading manifest file 'copter_package.egg-info/SOURCES.txt'
[1.815s] writing manifest file 'copter_package.egg-info/SOURCES.txt'
[1.816s] running build_ext
[1.817s] Creating /home/jood/quadcopter_ws/install/copter_package/lib/python3.10/site-packages/copter-package.egg-link (link to .)
[1.818s] Installing copter_node script to /home/jood/quadcopter_ws/install/copter_package/lib/copter_package
[1.818s] 
[1.819s] Installed /home/jood/quadcopter_ws/build/copter_package
[1.819s] running install_data
[1.819s] creating /home/jood/quadcopter_ws/install/copter_package/share/ament_index
[1.819s] creating /home/jood/quadcopter_ws/install/copter_package/share/ament_index/resource_index
[1.819s] creating /home/jood/quadcopter_ws/install/copter_package/share/ament_index/resource_index/packages
[1.819s] copying resource/copter_package -> /home/jood/quadcopter_ws/install/copter_package/share/ament_index/resource_index/packages
[1.819s] copying package.xml -> /home/jood/quadcopter_ws/install/copter_package/share/copter_package
[1.820s] copying launch/copter_launch.py -> /home/jood/quadcopter_ws/install/copter_package/share/copter_package
[1.884s] Invoked command in '/home/jood/quadcopter_ws/build/copter_package' returned '0': PYTHONPATH=/home/jood/quadcopter_ws/build/copter_package/prefix_override:/home/jood/quadcopter_ws/install/copter_package/lib/python3.10/site-packages:${PYTHONPATH} /usr/bin/python3 setup.py develop --editable --build-directory /home/jood/quadcopter_ws/build/copter_package/build --no-deps install_data
