running develop
/usr/lib/python3/dist-packages/setuptools/command/easy_install.py:158: EasyInstallDeprecationWarning: easy_install command is deprecated. Use build and pip and other standards-based tools.
  warnings.warn(
/usr/lib/python3/dist-packages/setuptools/command/install.py:34: SetuptoolsDeprecationWarning: setup.py install is deprecated. Use build and pip and other standards-based tools.
  warnings.warn(
running egg_info
creating copter_package.egg-info
writing copter_package.egg-info/PKG-INFO
writing dependency_links to copter_package.egg-info/dependency_links.txt
writing entry points to copter_package.egg-info/entry_points.txt
writing requirements to copter_package.egg-info/requires.txt
writing top-level names to copter_package.egg-info/top_level.txt
writing manifest file 'copter_package.egg-info/SOURCES.txt'
reading manifest file 'copter_package.egg-info/SOURCES.txt'
writing manifest file 'copter_package.egg-info/SOURCES.txt'
running build_ext
Creating /home/jood/quadcopter_ws/install/copter_package/lib/python3.10/site-packages/copter-package.egg-link (link to .)
Installing copter_node script to /home/jood/quadcopter_ws/install/copter_package/lib/copter_package

Installed /home/jood/quadcopter_ws/build/copter_package
running install_data
creating /home/jood/quadcopter_ws/install/copter_package/share/ament_index
creating /home/jood/quadcopter_ws/install/copter_package/share/ament_index/resource_index
creating /home/jood/quadcopter_ws/install/copter_package/share/ament_index/resource_index/packages
copying resource/copter_package -> /home/jood/quadcopter_ws/install/copter_package/share/ament_index/resource_index/packages
copying package.xml -> /home/jood/quadcopter_ws/install/copter_package/share/copter_package
copying launch/copter_launch.py -> /home/jood/quadcopter_ws/install/copter_package/share/copter_package
