[2.081s] Invoking command in '/home/jood/quadcopter_ws/build/copter_package': PYTHONPATH=/home/jood/quadcopter_ws/build/copter_package/prefix_override:/home/jood/quadcopter_ws/install/copter_package/lib/python3.10/site-packages:${PYTHONPATH} /usr/bin/python3 setup.py develop --editable --build-directory /home/jood/quadcopter_ws/build/copter_package/build --no-deps install_data
[2.664s] running develop
[2.665s] /usr/lib/python3/dist-packages/setuptools/command/easy_install.py:158: EasyInstallDeprecationWarning: easy_install command is deprecated. Use build and pip and other standards-based tools.
[2.665s]   warnings.warn(
[2.669s] /usr/lib/python3/dist-packages/setuptools/command/install.py:34: SetuptoolsDeprecationWarning: setup.py install is deprecated. Use build and pip and other standards-based tools.
[2.669s]   warnings.warn(
[3.246s] running egg_info
[3.247s] creating copter_package.egg-info
[3.247s] writing copter_package.egg-info/PKG-INFO
[3.249s] writing dependency_links to copter_package.egg-info/dependency_links.txt
[3.251s] writing entry points to copter_package.egg-info/entry_points.txt
[3.252s] writing requirements to copter_package.egg-info/requires.txt
[3.252s] writing top-level names to copter_package.egg-info/top_level.txt
[3.254s] writing manifest file 'copter_package.egg-info/SOURCES.txt'
[3.257s] reading manifest file 'copter_package.egg-info/SOURCES.txt'
[3.259s] writing manifest file 'copter_package.egg-info/SOURCES.txt'
[3.263s] running build_ext
[3.265s] Creating /home/jood/quadcopter_ws/install/copter_package/lib/python3.10/site-packages/copter-package.egg-link (link to .)
[3.267s] Installing copter_node script to /home/jood/quadcopter_ws/install/copter_package/lib/copter_package
[3.268s] 
[3.268s] Installed /home/jood/quadcopter_ws/build/copter_package
[3.269s] running install_data
[3.269s] creating /home/jood/quadcopter_ws/install/copter_package/share/ament_index
[3.269s] creating /home/jood/quadcopter_ws/install/copter_package/share/ament_index/resource_index
[3.270s] creating /home/jood/quadcopter_ws/install/copter_package/share/ament_index/resource_index/packages
[3.270s] copying resource/copter_package -> /home/jood/quadcopter_ws/install/copter_package/share/ament_index/resource_index/packages
[3.270s] copying package.xml -> /home/jood/quadcopter_ws/install/copter_package/share/copter_package
[3.271s] copying launch/copter_launch.py -> /home/jood/quadcopter_ws/install/copter_package/share/copter_package
[3.354s] Invoked command in '/home/jood/quadcopter_ws/build/copter_package' returned '0': PYTHONPATH=/home/jood/quadcopter_ws/build/copter_package/prefix_override:/home/jood/quadcopter_ws/install/copter_package/lib/python3.10/site-packages:${PYTHONPATH} /usr/bin/python3 setup.py develop --editable --build-directory /home/jood/quadcopter_ws/build/copter_package/build --no-deps install_data
