[2.400s] DEBUG:colcon:Command line arguments: ['/usr/bin/colcon', 'build', '--symlink-install']
[2.400s] DEBUG:colcon:Parsed command line arguments: Namespace(log_base=None, log_level=None, verb_name='build', build_base='build', install_base='install', merge_install=False, symlink_install=True, test_result_base=None, continue_on_error=False, executor='parallel', parallel_workers=8, event_handlers=None, ignore_user_meta=False, metas=['./colcon.meta'], base_paths=['.'], packages_ignore=None, packages_ignore_regex=None, paths=None, packages_up_to=None, packages_up_to_regex=None, packages_above=None, packages_above_and_dependencies=None, packages_above_depth=None, packages_select_by_dep=None, packages_skip_by_dep=None, packages_skip_up_to=None, packages_select_build_failed=False, packages_skip_build_finished=False, packages_select_test_failures=False, packages_skip_test_passed=False, packages_select=None, packages_skip=None, packages_select_regex=None, packages_skip_regex=None, packages_start=None, packages_end=None, allow_overriding=[], cmake_args=None, cmake_target=None, cmake_target_skip_unavailable=False, cmake_clean_cache=False, cmake_clean_first=False, cmake_force_configure=False, ament_cmake_args=None, catkin_cmake_args=None, catkin_skip_building_tests=False, verb_parser=<colcon_defaults.argument_parser.defaults.DefaultArgumentsDecorator object at 0x7fbb57f56560>, verb_extension=<colcon_core.verb.build.BuildVerb object at 0x7fbb581ee6e0>, main=<bound method BuildVerb.main of <colcon_core.verb.build.BuildVerb object at 0x7fbb581ee6e0>>)
[2.450s] Level 1:colcon.colcon_core.package_discovery:discover_packages(colcon_meta) check parameters
[2.450s] Level 1:colcon.colcon_core.package_discovery:discover_packages(recursive) check parameters
[2.450s] Level 1:colcon.colcon_core.package_discovery:discover_packages(ignore) check parameters
[2.450s] Level 1:colcon.colcon_core.package_discovery:discover_packages(path) check parameters
[2.450s] Level 1:colcon.colcon_core.package_discovery:discover_packages(colcon_meta) discover
[2.451s] Level 1:colcon.colcon_core.package_discovery:discover_packages(recursive) discover
[2.451s] INFO:colcon.colcon_core.package_discovery:Crawling recursively for packages in '/home/jood/quadcopter_ws'
[2.451s] Level 1:colcon.colcon_core.package_identification:_identify(.) by extensions ['ignore', 'ignore_ament_install']
[2.451s] Level 1:colcon.colcon_core.package_identification:_identify(.) by extension 'ignore'
[2.451s] Level 1:colcon.colcon_core.package_identification:_identify(.) by extension 'ignore_ament_install'
[2.451s] Level 1:colcon.colcon_core.package_identification:_identify(.) by extensions ['colcon_pkg']
[2.451s] Level 1:colcon.colcon_core.package_identification:_identify(.) by extension 'colcon_pkg'
[2.451s] Level 1:colcon.colcon_core.package_identification:_identify(.) by extensions ['colcon_meta']
[2.451s] Level 1:colcon.colcon_core.package_identification:_identify(.) by extension 'colcon_meta'
[2.452s] Level 1:colcon.colcon_core.package_identification:_identify(.) by extensions ['ros']
[2.452s] Level 1:colcon.colcon_core.package_identification:_identify(.) by extension 'ros'
[2.462s] Level 1:colcon.colcon_core.package_identification:_identify(.) by extensions ['cmake', 'python']
[2.462s] Level 1:colcon.colcon_core.package_identification:_identify(.) by extension 'cmake'
[2.462s] Level 1:colcon.colcon_core.package_identification:_identify(.) by extension 'python'
[2.462s] Level 1:colcon.colcon_core.package_identification:_identify(.) by extensions ['python_setup_py']
[2.462s] Level 1:colcon.colcon_core.package_identification:_identify(.) by extension 'python_setup_py'
[2.463s] Level 1:colcon.colcon_core.package_identification:_identify(build) by extensions ['ignore', 'ignore_ament_install']
[2.463s] Level 1:colcon.colcon_core.package_identification:_identify(build) by extension 'ignore'
[2.463s] Level 1:colcon.colcon_core.package_identification:_identify(build) ignored
[2.464s] Level 1:colcon.colcon_core.package_identification:_identify(install) by extensions ['ignore', 'ignore_ament_install']
[2.464s] Level 1:colcon.colcon_core.package_identification:_identify(install) by extension 'ignore'
[2.464s] Level 1:colcon.colcon_core.package_identification:_identify(install) ignored
[2.464s] Level 1:colcon.colcon_core.package_identification:_identify(log) by extensions ['ignore', 'ignore_ament_install']
[2.464s] Level 1:colcon.colcon_core.package_identification:_identify(log) by extension 'ignore'
[2.464s] Level 1:colcon.colcon_core.package_identification:_identify(log) ignored
[2.464s] Level 1:colcon.colcon_core.package_identification:_identify(src) by extensions ['ignore', 'ignore_ament_install']
[2.464s] Level 1:colcon.colcon_core.package_identification:_identify(src) by extension 'ignore'
[2.464s] Level 1:colcon.colcon_core.package_identification:_identify(src) by extension 'ignore_ament_install'
[2.464s] Level 1:colcon.colcon_core.package_identification:_identify(src) by extensions ['colcon_pkg']
[2.464s] Level 1:colcon.colcon_core.package_identification:_identify(src) by extension 'colcon_pkg'
[2.464s] Level 1:colcon.colcon_core.package_identification:_identify(src) by extensions ['colcon_meta']
[2.464s] Level 1:colcon.colcon_core.package_identification:_identify(src) by extension 'colcon_meta'
[2.464s] Level 1:colcon.colcon_core.package_identification:_identify(src) by extensions ['ros']
[2.464s] Level 1:colcon.colcon_core.package_identification:_identify(src) by extension 'ros'
[2.464s] Level 1:colcon.colcon_core.package_identification:_identify(src) by extensions ['cmake', 'python']
[2.464s] Level 1:colcon.colcon_core.package_identification:_identify(src) by extension 'cmake'
[2.464s] Level 1:colcon.colcon_core.package_identification:_identify(src) by extension 'python'
[2.464s] Level 1:colcon.colcon_core.package_identification:_identify(src) by extensions ['python_setup_py']
[2.464s] Level 1:colcon.colcon_core.package_identification:_identify(src) by extension 'python_setup_py'
[2.465s] Level 1:colcon.colcon_core.package_identification:_identify(src/copter_package) by extensions ['ignore', 'ignore_ament_install']
[2.465s] Level 1:colcon.colcon_core.package_identification:_identify(src/copter_package) by extension 'ignore'
[2.465s] Level 1:colcon.colcon_core.package_identification:_identify(src/copter_package) by extension 'ignore_ament_install'
[2.465s] Level 1:colcon.colcon_core.package_identification:_identify(src/copter_package) by extensions ['colcon_pkg']
[2.465s] Level 1:colcon.colcon_core.package_identification:_identify(src/copter_package) by extension 'colcon_pkg'
[2.465s] Level 1:colcon.colcon_core.package_identification:_identify(src/copter_package) by extensions ['colcon_meta']
[2.465s] Level 1:colcon.colcon_core.package_identification:_identify(src/copter_package) by extension 'colcon_meta'
[2.465s] Level 1:colcon.colcon_core.package_identification:_identify(src/copter_package) by extensions ['ros']
[2.465s] Level 1:colcon.colcon_core.package_identification:_identify(src/copter_package) by extension 'ros'
[2.467s] DEBUG:colcon.colcon_core.package_identification:Package 'src/copter_package' with type 'ros.ament_python' and name 'copter_package'
[2.467s] Level 1:colcon.colcon_core.package_discovery:discover_packages(recursive) using defaults
[2.467s] Level 1:colcon.colcon_core.package_discovery:discover_packages(ignore) discover
[2.467s] Level 1:colcon.colcon_core.package_discovery:discover_packages(ignore) using defaults
[2.467s] Level 1:colcon.colcon_core.package_discovery:discover_packages(path) discover
[2.467s] Level 1:colcon.colcon_core.package_discovery:discover_packages(path) using defaults
[2.583s] Level 1:colcon.colcon_core.package_discovery:discover_packages(prefix_path) check parameters
[2.583s] Level 1:colcon.colcon_core.package_discovery:discover_packages(prefix_path) discover
[2.598s] WARNING:colcon.colcon_core.prefix_path.colcon:The path '/home/jood/turtlebot_projekt/install' in the environment variable COLCON_PREFIX_PATH doesn't exist
[2.598s] WARNING:colcon.colcon_ros.prefix_path.ament:The path '/home/jood/quadcopter_ws/install/copter_package' in the environment variable AMENT_PREFIX_PATH doesn't exist
[2.598s] WARNING:colcon.colcon_ros.prefix_path.ament:The path '/home/jood/turtlebot_projekt/install/turtlebot3_teleop' in the environment variable AMENT_PREFIX_PATH doesn't exist
[2.598s] WARNING:colcon.colcon_ros.prefix_path.ament:The path '/home/jood/turtlebot_projekt/install/turtlebot3_navigation2' in the environment variable AMENT_PREFIX_PATH doesn't exist
[2.598s] WARNING:colcon.colcon_ros.prefix_path.ament:The path '/home/jood/turtlebot_projekt/install/turtlebot3_description' in the environment variable AMENT_PREFIX_PATH doesn't exist
[2.598s] WARNING:colcon.colcon_ros.prefix_path.ament:The path '/home/jood/turtlebot_projekt/install/turtlebot3_cartographer' in the environment variable AMENT_PREFIX_PATH doesn't exist
[2.598s] WARNING:colcon.colcon_ros.prefix_path.ament:The path '/home/jood/turtlebot_projekt/install/turtlebot' in the environment variable AMENT_PREFIX_PATH doesn't exist
[2.598s] WARNING:colcon.colcon_ros.prefix_path.ament:The path '/home/jood/turtlebot_projekt/install/dynamixel_sdk' in the environment variable AMENT_PREFIX_PATH doesn't exist
[2.599s] WARNING:colcon.colcon_ros.prefix_path.catkin:The path '/home/jood/turtlebot_projekt/install/turtlebot3_navigation2' in the environment variable CMAKE_PREFIX_PATH doesn't exist
[2.599s] WARNING:colcon.colcon_ros.prefix_path.catkin:The path '/home/jood/turtlebot_projekt/install/turtlebot3_description' in the environment variable CMAKE_PREFIX_PATH doesn't exist
[2.599s] WARNING:colcon.colcon_ros.prefix_path.catkin:The path '/home/jood/turtlebot_projekt/install/turtlebot3_cartographer' in the environment variable CMAKE_PREFIX_PATH doesn't exist
[2.599s] WARNING:colcon.colcon_ros.prefix_path.catkin:The path '/home/jood/turtlebot_projekt/install/dynamixel_sdk_custom_interfaces' in the environment variable CMAKE_PREFIX_PATH doesn't exist
[2.599s] WARNING:colcon.colcon_ros.prefix_path.catkin:The path '/home/jood/turtlebot_projekt/install/dynamixel_sdk' in the environment variable CMAKE_PREFIX_PATH doesn't exist
[2.619s] DEBUG:colcon.colcon_installed_package_information.package_discovery:Found 0 installed packages in /home/jood/quadcopter_ws/install
[2.635s] DEBUG:colcon.colcon_installed_package_information.package_discovery:Found 16 installed packages in /home/jood/dvrk2_ws/install
[2.652s] DEBUG:colcon.colcon_installed_package_information.package_discovery:Found 2 installed packages in /home/jood/ros2_ws/install
[2.676s] DEBUG:colcon.colcon_installed_package_information.package_discovery:Found 426 installed packages in /opt/ros/humble
[2.678s] Level 1:colcon.colcon_core.package_discovery:discover_packages(prefix_path) using defaults
[2.783s] Level 5:colcon.colcon_core.verb:set package 'copter_package' build argument 'cmake_args' from command line to 'None'
[2.783s] Level 5:colcon.colcon_core.verb:set package 'copter_package' build argument 'cmake_target' from command line to 'None'
[2.784s] Level 5:colcon.colcon_core.verb:set package 'copter_package' build argument 'cmake_target_skip_unavailable' from command line to 'False'
[2.784s] Level 5:colcon.colcon_core.verb:set package 'copter_package' build argument 'cmake_clean_cache' from command line to 'False'
[2.784s] Level 5:colcon.colcon_core.verb:set package 'copter_package' build argument 'cmake_clean_first' from command line to 'False'
[2.784s] Level 5:colcon.colcon_core.verb:set package 'copter_package' build argument 'cmake_force_configure' from command line to 'False'
[2.784s] Level 5:colcon.colcon_core.verb:set package 'copter_package' build argument 'ament_cmake_args' from command line to 'None'
[2.784s] Level 5:colcon.colcon_core.verb:set package 'copter_package' build argument 'catkin_cmake_args' from command line to 'None'
[2.784s] Level 5:colcon.colcon_core.verb:set package 'copter_package' build argument 'catkin_skip_building_tests' from command line to 'False'
[2.784s] DEBUG:colcon.colcon_core.verb:Building package 'copter_package' with the following arguments: {'ament_cmake_args': None, 'build_base': '/home/jood/quadcopter_ws/build/copter_package', 'catkin_cmake_args': None, 'catkin_skip_building_tests': False, 'cmake_args': None, 'cmake_clean_cache': False, 'cmake_clean_first': False, 'cmake_force_configure': False, 'cmake_target': None, 'cmake_target_skip_unavailable': False, 'install_base': '/home/jood/quadcopter_ws/install/copter_package', 'merge_install': False, 'path': '/home/jood/quadcopter_ws/src/copter_package', 'symlink_install': True, 'test_result_base': None}
[2.803s] INFO:colcon.colcon_core.executor:Executing jobs using 'parallel' executor
[2.822s] DEBUG:colcon.colcon_parallel_executor.executor.parallel:run_until_complete
[2.823s] INFO:colcon.colcon_ros.task.ament_python.build:Building ROS package in '/home/jood/quadcopter_ws/src/copter_package' with build type 'ament_python'
[2.823s] Level 1:colcon.colcon_core.shell:create_environment_hook('copter_package', 'ament_prefix_path')
[2.848s] INFO:colcon.colcon_core.plugin_system:Skipping extension 'colcon_core.shell.bat': Not used on non-Windows systems
[2.848s] INFO:colcon.colcon_core.shell:Creating environment hook '/home/jood/quadcopter_ws/install/copter_package/share/copter_package/hook/ament_prefix_path.ps1'
[2.849s] INFO:colcon.colcon_core.shell:Creating environment descriptor '/home/jood/quadcopter_ws/install/copter_package/share/copter_package/hook/ament_prefix_path.dsv'
[2.850s] INFO:colcon.colcon_core.shell:Creating environment hook '/home/jood/quadcopter_ws/install/copter_package/share/copter_package/hook/ament_prefix_path.sh'
[2.871s] INFO:colcon.colcon_core.shell:Skip shell extension 'powershell' for command environment: Not usable outside of PowerShell
[2.871s] DEBUG:colcon.colcon_core.shell:Skip shell extension 'dsv' for command environment
[3.709s] INFO:colcon.colcon_core.task.python.build:Building Python package in '/home/jood/quadcopter_ws/src/copter_package'
[3.753s] INFO:colcon.colcon_core.shell:Skip shell extension 'powershell' for command environment: Not usable outside of PowerShell
[3.753s] DEBUG:colcon.colcon_core.shell:Skip shell extension 'dsv' for command environment
[4.447s] DEBUG:colcon.colcon_core.event_handler.log_command:Invoking command in '/home/jood/quadcopter_ws/build/copter_package': PYTHONPATH=/home/jood/quadcopter_ws/build/copter_package/prefix_override:/home/jood/quadcopter_ws/install/copter_package/lib/python3.10/site-packages:${PYTHONPATH} /usr/bin/python3 setup.py develop --editable --build-directory /home/jood/quadcopter_ws/build/copter_package/build --no-deps install_data
[5.043s] Level 1:colcon.colcon_core.shell:create_environment_hook('copter_package', 'pythonpath_develop')
[5.044s] DEBUG:colcon.colcon_core.event_handler.log_command:Invoked command in '/home/jood/quadcopter_ws/build/copter_package' returned '0': PYTHONPATH=/home/jood/quadcopter_ws/build/copter_package/prefix_override:/home/jood/quadcopter_ws/install/copter_package/lib/python3.10/site-packages:${PYTHONPATH} /usr/bin/python3 setup.py develop --editable --build-directory /home/jood/quadcopter_ws/build/copter_package/build --no-deps install_data
[5.059s] INFO:colcon.colcon_core.shell:Creating environment hook '/home/jood/quadcopter_ws/build/copter_package/share/copter_package/hook/pythonpath_develop.ps1'
[5.060s] INFO:colcon.colcon_core.shell:Creating environment descriptor '/home/jood/quadcopter_ws/build/copter_package/share/copter_package/hook/pythonpath_develop.dsv'
[5.061s] INFO:colcon.colcon_core.shell:Creating environment hook '/home/jood/quadcopter_ws/build/copter_package/share/copter_package/hook/pythonpath_develop.sh'
[5.077s] Level 1:colcon.colcon_core.environment:checking '/home/jood/quadcopter_ws/install/copter_package' for CMake module files
[5.077s] Level 1:colcon.colcon_core.environment:checking '/home/jood/quadcopter_ws/install/copter_package' for CMake config files
[5.078s] Level 1:colcon.colcon_core.environment:checking '/home/jood/quadcopter_ws/install/copter_package/lib'
[5.078s] Level 1:colcon.colcon_core.environment:checking '/home/jood/quadcopter_ws/install/copter_package/bin'
[5.078s] Level 1:colcon.colcon_core.environment:checking '/home/jood/quadcopter_ws/install/copter_package/lib/pkgconfig/copter_package.pc'
[5.078s] Level 1:colcon.colcon_core.environment:checking '/home/jood/quadcopter_ws/install/copter_package/lib/python3.10/site-packages'
[5.078s] Level 1:colcon.colcon_core.shell:create_environment_hook('copter_package', 'pythonpath')
[5.095s] INFO:colcon.colcon_core.shell:Creating environment hook '/home/jood/quadcopter_ws/install/copter_package/share/copter_package/hook/pythonpath.ps1'
[5.096s] INFO:colcon.colcon_core.shell:Creating environment descriptor '/home/jood/quadcopter_ws/install/copter_package/share/copter_package/hook/pythonpath.dsv'
[5.096s] INFO:colcon.colcon_core.shell:Creating environment hook '/home/jood/quadcopter_ws/install/copter_package/share/copter_package/hook/pythonpath.sh'
[5.097s] Level 1:colcon.colcon_core.environment:checking '/home/jood/quadcopter_ws/install/copter_package/bin'
[5.097s] Level 1:colcon.colcon_core.environment:create_environment_scripts_only(copter_package)
[5.117s] INFO:colcon.colcon_core.shell:Creating package script '/home/jood/quadcopter_ws/install/copter_package/share/copter_package/package.ps1'
[5.117s] INFO:colcon.colcon_core.shell:Creating package descriptor '/home/jood/quadcopter_ws/install/copter_package/share/copter_package/package.dsv'
[5.118s] INFO:colcon.colcon_core.shell:Creating package script '/home/jood/quadcopter_ws/install/copter_package/share/copter_package/package.sh'
[5.119s] INFO:colcon.colcon_core.shell:Creating package script '/home/jood/quadcopter_ws/install/copter_package/share/copter_package/package.bash'
[5.120s] INFO:colcon.colcon_core.shell:Creating package script '/home/jood/quadcopter_ws/install/copter_package/share/copter_package/package.zsh'
[5.121s] Level 1:colcon.colcon_core.environment:create_file_with_runtime_dependencies(/home/jood/quadcopter_ws/install/copter_package/share/colcon-core/packages/copter_package)
[5.122s] DEBUG:colcon.colcon_parallel_executor.executor.parallel:closing loop
[5.123s] DEBUG:colcon.colcon_parallel_executor.executor.parallel:loop closed
[5.123s] DEBUG:colcon.colcon_parallel_executor.executor.parallel:run_until_complete finished with '0'
[5.123s] DEBUG:colcon.colcon_core.event_reactor:joining thread
[5.294s] INFO:colcon.colcon_core.plugin_system:Skipping extension 'colcon_notification.desktop_notification.notify_send': Could not find 'notify-send'
[5.295s] INFO:colcon.colcon_core.plugin_system:Skipping extension 'colcon_notification.desktop_notification.terminal_notifier': Not used on non-Darwin systems
[5.295s] INFO:colcon.colcon_core.plugin_system:Skipping extension 'colcon_notification.desktop_notification.win32': Not used on non-Windows systems
[5.295s] INFO:colcon.colcon_notification.desktop_notification:Sending desktop notification using 'notify2'
[5.297s] DEBUG:colcon.colcon_notification.desktop_notification.notify2:Failed to initialize notify2: org.freedesktop.DBus.Error.ServiceUnknown: The name org.freedesktop.Notifications was not provided by any .service files
[5.297s] DEBUG:colcon.colcon_core.event_reactor:joined thread
[5.313s] INFO:colcon.colcon_core.shell:Creating prefix script '/home/jood/quadcopter_ws/install/local_setup.ps1'
[5.314s] INFO:colcon.colcon_core.shell:Creating prefix util module '/home/jood/quadcopter_ws/install/_local_setup_util_ps1.py'
[5.315s] INFO:colcon.colcon_core.shell:Creating prefix chain script '/home/jood/quadcopter_ws/install/setup.ps1'
[5.332s] INFO:colcon.colcon_core.shell:Creating prefix script '/home/jood/quadcopter_ws/install/local_setup.sh'
[5.332s] INFO:colcon.colcon_core.shell:Creating prefix util module '/home/jood/quadcopter_ws/install/_local_setup_util_sh.py'
[5.333s] INFO:colcon.colcon_core.shell:Creating prefix chain script '/home/jood/quadcopter_ws/install/setup.sh'
[5.348s] INFO:colcon.colcon_core.shell:Creating prefix script '/home/jood/quadcopter_ws/install/local_setup.bash'
[5.349s] INFO:colcon.colcon_core.shell:Creating prefix chain script '/home/jood/quadcopter_ws/install/setup.bash'
[5.367s] INFO:colcon.colcon_core.shell:Creating prefix script '/home/jood/quadcopter_ws/install/local_setup.zsh'
[5.368s] INFO:colcon.colcon_core.shell:Creating prefix chain script '/home/jood/quadcopter_ws/install/setup.zsh'
